<?xml version="1.0" encoding="UTF-8"?>
<testng-results ignored="0" total="3" passed="3" failed="0" skipped="0">
  <reporter-output>
  </reporter-output>
  <suite started-at="2023-04-18T08:12:47 IST" name="Default suite" finished-at="2023-04-18T08:13:49 IST" duration-ms="62226">
    <groups>
      <group name="cucumber">
        <method signature="AbstractTestNGCucumberTests.runScenario(io.cucumber.testng.PickleWrapper,io.cucumber.testng.FeatureWrapper)[pri:0, instance:execution.AmazonTest@7d0b7e3c]" name="runScenario" class="io.cucumber.testng.AbstractTestNGCucumberTests"/>
      </group> <!-- cucumber -->
    </groups>
    <test started-at="2023-04-18T08:12:47 IST" name="Default test" finished-at="2023-04-18T08:13:49 IST" duration-ms="62226">
      <class name="execution.AmazonTest">
        <test-method is-config="true" signature="setUpClass()[pri:0, instance:execution.AmazonTest@7d0b7e3c]" started-at="2023-04-18T08:12:47 IST" name="setUpClass" finished-at="2023-04-18T08:12:48 IST" duration-ms="1245" status="PASS">
          <reporter-output>
          </reporter-output>
        </test-method> <!-- setUpClass -->
        <test-method signature="runScenario(io.cucumber.testng.PickleWrapper,io.cucumber.testng.FeatureWrapper)[pri:0, instance:execution.AmazonTest@7d0b7e3c]" started-at="2023-04-18T08:12:49 IST" name="runScenario" description="Runs Cucumber Scenarios" data-provider="scenarios" finished-at="2023-04-18T08:13:06 IST" duration-ms="17711" status="PASS">
          <params>
            <param index="0">
              <value>
                <![CDATA["verify title of page"]]>
              </value>
            </param>
            <param index="1">
              <value>
                <![CDATA["Optional[Login Functionality]"]]>
              </value>
            </param>
          </params>
          <reporter-output>
          </reporter-output>
        </test-method> <!-- runScenario -->
        <test-method signature="runScenario(io.cucumber.testng.PickleWrapper,io.cucumber.testng.FeatureWrapper)[pri:0, instance:execution.AmazonTest@7d0b7e3c]" started-at="2023-04-18T08:13:06 IST" name="runScenario" description="Runs Cucumber Scenarios" data-provider="scenarios" finished-at="2023-04-18T08:13:25 IST" duration-ms="19214" status="PASS">
          <params>
            <param index="0">
              <value>
                <![CDATA["Verify the cart icon"]]>
              </value>
            </param>
            <param index="1">
              <value>
                <![CDATA["Optional[Login Functionality]"]]>
              </value>
            </param>
          </params>
          <reporter-output>
          </reporter-output>
        </test-method> <!-- runScenario -->
        <test-method signature="runScenario(io.cucumber.testng.PickleWrapper,io.cucumber.testng.FeatureWrapper)[pri:0, instance:execution.AmazonTest@7d0b7e3c]" started-at="2023-04-18T08:13:25 IST" name="runScenario" description="Runs Cucumber Scenarios" data-provider="scenarios" finished-at="2023-04-18T08:13:47 IST" duration-ms="21966" status="PASS">
          <params>
            <param index="0">
              <value>
                <![CDATA["Login to application"]]>
              </value>
            </param>
            <param index="1">
              <value>
                <![CDATA["Optional[Login Functionality]"]]>
              </value>
            </param>
          </params>
          <reporter-output>
          </reporter-output>
        </test-method> <!-- runScenario -->
        <test-method is-config="true" signature="tearDownClass()[pri:0, instance:execution.AmazonTest@7d0b7e3c]" started-at="2023-04-18T08:13:47 IST" name="tearDownClass" finished-at="2023-04-18T08:13:49 IST" duration-ms="1948" status="PASS">
          <reporter-output>
          </reporter-output>
        </test-method> <!-- tearDownClass -->
      </class> <!-- execution.AmazonTest -->
    </test> <!-- Default test -->
  </suite> <!-- Default suite -->
</testng-results>
