<?xml version="1.0" encoding="UTF-8"?>
<testng-results ignored="0" total="2" passed="2" failed="0" skipped="0">
  <reporter-output>
  </reporter-output>
  <suite started-at="2023-04-12T07:55:29 IST" name="Default suite" finished-at="2023-04-12T07:55:34 IST" duration-ms="5342">
    <groups>
      <group name="cucumber">
        <method signature="AbstractTestNGCucumberTests.runScenario(io.cucumber.testng.PickleWrapper,io.cucumber.testng.FeatureWrapper)[pri:0, instance:runner.LoginRunner@3e11f9e9]" name="runScenario" class="io.cucumber.testng.AbstractTestNGCucumberTests"/>
      </group> <!-- cucumber -->
    </groups>
    <test started-at="2023-04-12T07:55:29 IST" name="Default test" finished-at="2023-04-12T07:55:34 IST" duration-ms="5342">
      <class name="runner.LoginRunner">
        <test-method is-config="true" signature="setUpClass()[pri:0, instance:runner.LoginRunner@3e11f9e9]" started-at="2023-04-12T07:55:29 IST" name="setUpClass" finished-at="2023-04-12T07:55:31 IST" duration-ms="2030" status="PASS">
          <reporter-output>
          </reporter-output>
        </test-method> <!-- setUpClass -->
        <test-method signature="runScenario(io.cucumber.testng.PickleWrapper,io.cucumber.testng.FeatureWrapper)[pri:0, instance:runner.LoginRunner@3e11f9e9]" started-at="2023-04-12T07:55:31 IST" name="runScenario" description="Runs Cucumber Scenarios" data-provider="scenarios" finished-at="2023-04-12T07:55:31 IST" duration-ms="464" status="PASS">
          <params>
            <param index="0">
              <value>
                <![CDATA["Login validation with credentials"]]>
              </value>
            </param>
            <param index="1">
              <value>
                <![CDATA["Optional[Login functionality]"]]>
              </value>
            </param>
          </params>
          <reporter-output>
          </reporter-output>
        </test-method> <!-- runScenario -->
        <test-method signature="runScenario(io.cucumber.testng.PickleWrapper,io.cucumber.testng.FeatureWrapper)[pri:0, instance:runner.LoginRunner@3e11f9e9]" started-at="2023-04-12T07:55:31 IST" name="runScenario" description="Runs Cucumber Scenarios" data-provider="scenarios" finished-at="2023-04-12T07:55:31 IST" duration-ms="58" status="PASS">
          <params>
            <param index="0">
              <value>
                <![CDATA["title validation"]]>
              </value>
            </param>
            <param index="1">
              <value>
                <![CDATA["Optional[Login functionality]"]]>
              </value>
            </param>
          </params>
          <reporter-output>
          </reporter-output>
        </test-method> <!-- runScenario -->
        <test-method is-config="true" signature="tearDownClass()[pri:0, instance:runner.LoginRunner@3e11f9e9]" started-at="2023-04-12T07:55:32 IST" name="tearDownClass" finished-at="2023-04-12T07:55:34 IST" duration-ms="2626" status="PASS">
          <reporter-output>
          </reporter-output>
        </test-method> <!-- tearDownClass -->
      </class> <!-- runner.LoginRunner -->
    </test> <!-- Default test -->
  </suite> <!-- Default suite -->
</testng-results>
